Arguments: 
  C:\Program Files\nodejs\node.exe C:\Users\qhdata\AppData\Roaming\npm\node_modules\yarn\bin\yarn.js add huskey

PATH: 
  C:\Users\qhdata\bin;E:\app_tools\git_\Git\mingw64\bin;E:\app_tools\git_\Git\usr\local\bin;E:\app_tools\git_\Git\usr\bin;E:\app_tools\git_\Git\usr\bin;E:\app_tools\git_\Git\mingw64\bin;E:\app_tools\git_\Git\usr\bin;C:\Users\qhdata\bin;C:\WINDOWS\system32;C:\WINDOWS;C:\WINDOWS\System32\Wbem;C:\WINDOWS\System32\WindowsPowerShell\v1.0;C:\WINDOWS\System32\OpenSSH;E:\app_tools\git_\Git\cmd;C:\Users\qhdata\AppData\Roaming\nvm;C:\Program Files\nodejs;C:\Users\qhdata\AppData\Local\Yarn\Data\global\node_modules\.bin;C:\Program Files\Docker\Docker\resources\bin;C:\ProgramData\DockerDesktop\version-bin;E:\app_tools\wxAppTool\微信web开发者工具\dll;C:\Users\qhdata\AppData\Local\Microsoft\WindowsApps;E:\app_tools\vscoder\Microsoft VS Code\bin;C:\Users\qhdata\AppData\Roaming\npm;E:\app_tools\git_\Git\usr\bin\vendor_perl;E:\app_tools\git_\Git\usr\bin\core_perl

Yarn version: 
  1.22.11

Node version: 
  14.17.6

Platform: 
  win32 x64

Trace: 
  Error: https://registry.npmjs.org/huskey: Not found
      at Request.params.callback [as _callback] (C:\Users\qhdata\AppData\Roaming\npm\node_modules\yarn\lib\cli.js:66992:18)
      at Request.self.callback (C:\Users\qhdata\AppData\Roaming\npm\node_modules\yarn\lib\cli.js:140763:22)
      at Request.emit (events.js:400:28)
      at Request.<anonymous> (C:\Users\qhdata\AppData\Roaming\npm\node_modules\yarn\lib\cli.js:141735:10)
      at Request.emit (events.js:400:28)
      at IncomingMessage.<anonymous> (C:\Users\qhdata\AppData\Roaming\npm\node_modules\yarn\lib\cli.js:141657:12)
      at Object.onceWrapper (events.js:519:28)
      at IncomingMessage.emit (events.js:412:35)
      at endReadableNT (internal/streams/readable.js:1317:12)
      at processTicksAndRejections (internal/process/task_queues.js:82:21)

npm manifest: 
  {
    "name": "ttools",
    "version": "1.0.0",
    "description": "常用JS方法封装",
    "main": "index.js",
    "scripts": {
      "test": "echo \"Error: no test specified\" && exit 1"
    },
    "repository": {
      "type": "git",
      "url": "git+https://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@github.com/mtiger95/ttools.git"
    },
    "keywords": [
      "js",
      "function",
      "common",
      "normal"
    ],
    "author": "java2script",
    "license": "ISC",
    "bugs": {
      "url": "https://github.com/mtiger95/ttools/issues"
    },
    "homepage": "https://github.com/mtiger95/ttools#readme"
  }

yarn manifest: 
  No manifest

Lockfile: 
  No lockfile
